<?xml version="1.0" encoding="UTF-8"?>
<testng-results skipped="0" failed="0" total="1" passed="1">
  <reporter-output>
    <line>
      <![CDATA[Loading Homepage]]>
    </line>
    <line>
      <![CDATA[Searched forrings]]>
    </line>
    <line>
      <![CDATA[Waiting for C3 to load]]>
    </line>
    <line>
      <![CDATA[Total Products found 84]]>
    </line>
    <line>
      <![CDATA[Clicked on product ID346439]]>
    </line>
    <line>
      <![CDATA[Added product with 346439to cart]]>
    </line>
    <line>
      <![CDATA[Searched forbracelets]]>
    </line>
    <line>
      <![CDATA[Waiting for C3 to load]]>
    </line>
    <line>
      <![CDATA[Total Products found 84]]>
    </line>
    <line>
      <![CDATA[Clicked on product ID219186]]>
    </line>
    <line>
      <![CDATA[Added product with 219186to cart]]>
    </line>
    <line>
      <![CDATA[Searched forbracelets]]>
    </line>
    <line>
      <![CDATA[Waiting for C3 to load]]>
    </line>
    <line>
      <![CDATA[Total Products found 84]]>
    </line>
    <line>
      <![CDATA[Clicked on product ID198637]]>
    </line>
    <line>
      <![CDATA[Added product with 198637to cart]]>
    </line>
    <line>
      <![CDATA[Searched forbracelets]]>
    </line>
    <line>
      <![CDATA[Waiting for C3 to load]]>
    </line>
    <line>
      <![CDATA[Total Products found 84]]>
    </line>
    <line>
      <![CDATA[Clicked on product ID187304]]>
    </line>
    <line>
      <![CDATA[Added product with 187304to cart]]>
    </line>
    <line>
      <![CDATA[Searched forbracelets]]>
    </line>
    <line>
      <![CDATA[Waiting for C3 to load]]>
    </line>
    <line>
      <![CDATA[Total Products found 84]]>
    </line>
    <line>
      <![CDATA[Clicked on product ID225933]]>
    </line>
    <line>
      <![CDATA[Added product with 225933to cart]]>
    </line>
    <line>
      <![CDATA[Searched forbracelets]]>
    </line>
    <line>
      <![CDATA[Waiting for C3 to load]]>
    </line>
    <line>
      <![CDATA[Total Products found 84]]>
    </line>
    <line>
      <![CDATA[Clicked on product ID192555]]>
    </line>
    <line>
      <![CDATA[Added product with 192555to cart]]>
    </line>
    <line>
      <![CDATA[Searched forbracelets]]>
    </line>
    <line>
      <![CDATA[Waiting for C3 to load]]>
    </line>
    <line>
      <![CDATA[Total Products found 84]]>
    </line>
    <line>
      <![CDATA[Clicked on product ID208430]]>
    </line>
    <line>
      <![CDATA[Added product with 208430to cart]]>
    </line>
    <line>
      <![CDATA[Searched forbracelets]]>
    </line>
    <line>
      <![CDATA[Waiting for C3 to load]]>
    </line>
    <line>
      <![CDATA[Total Products found 84]]>
    </line>
    <line>
      <![CDATA[Clicked on product ID198635]]>
    </line>
    <line>
      <![CDATA[Added product with 198635to cart]]>
    </line>
    <line>
      <![CDATA[Searched forbracelets]]>
    </line>
    <line>
      <![CDATA[Waiting for C3 to load]]>
    </line>
    <line>
      <![CDATA[Total Products found 84]]>
    </line>
    <line>
      <![CDATA[Clicked on product ID208456]]>
    </line>
    <line>
      <![CDATA[Added product with 208456to cart]]>
    </line>
    <line>
      <![CDATA[Searched forbracelets]]>
    </line>
    <line>
      <![CDATA[Waiting for C3 to load]]>
    </line>
    <line>
      <![CDATA[Total Products found 84]]>
    </line>
    <line>
      <![CDATA[Clicked on product ID208453]]>
    </line>
    <line>
      <![CDATA[Added product with 208453to cart]]>
    </line>
    <line>
      <![CDATA[Searched forbracelets]]>
    </line>
    <line>
      <![CDATA[Waiting for C3 to load]]>
    </line>
    <line>
      <![CDATA[Total Products found 84]]>
    </line>
    <line>
      <![CDATA[Clicked on product ID198635]]>
    </line>
    <line>
      <![CDATA[Added product with 198635to cart]]>
    </line>
    <line>
      <![CDATA[Searched forbracelets]]>
    </line>
    <line>
      <![CDATA[Waiting for C3 to load]]>
    </line>
    <line>
      <![CDATA[Total Products found 84]]>
    </line>
    <line>
      <![CDATA[Clicked on product ID211142]]>
    </line>
    <line>
      <![CDATA[Added product with 211142to cart]]>
    </line>
    <line>
      <![CDATA[Searched forbracelets]]>
    </line>
    <line>
      <![CDATA[Waiting for C3 to load]]>
    </line>
    <line>
      <![CDATA[Total Products found 84]]>
    </line>
    <line>
      <![CDATA[Clicked on product ID332400]]>
    </line>
    <line>
      <![CDATA[Added product with 332400to cart]]>
    </line>
    <line>
      <![CDATA[check put the product]]>
    </line>
    <line>
      <![CDATA[Login as a user]]>
    </line>
    <line>
      <![CDATA[Input new shipping address]]>
    </line>
    <line>
      <![CDATA[Redirecting to payment page]]>
    </line>
    <line>
      <![CDATA[Apply promocode]]>
    </line>
    <line>
      <![CDATA[choose donation]]>
    </line>
    <line>
      <![CDATA[Give card details]]>
    </line>
    <line>
      <![CDATA[Redirection to confirmation page]]>
    </line>
  </reporter-output>
  <suite name="novica" duration-ms="622538" started-at="2019-07-12T13:07:20Z" finished-at="2019-07-12T13:17:42Z">
    <groups>
    </groups>
    <test name="Cart-CH" duration-ms="622538" started-at="2019-07-12T13:07:20Z" finished-at="2019-07-12T13:17:42Z">
      <class name="testcase.WholeSale">
        <test-method status="PASS" signature="setUp(java.lang.Integer, java.lang.reflect.Method)[pri:0, instance:testcase.WholeSale@3a82f6ef]" name="setUp" is-config="true" duration-ms="4057" started-at="2019-07-12T18:37:20Z" finished-at="2019-07-12T18:37:24Z">
          <params>
            <param index="0">
              <value>
                <![CDATA[1]]>
              </value>
            </param>
            <param index="1">
              <value>
                <![CDATA[public void testcase.WholeSale.crticalPathFlowUsingNewAddress(java.lang.String) throws java.lang.Exception]]>
              </value>
            </param>
          </params>
          <reporter-output>
          </reporter-output>
        </test-method> <!-- setUp -->
        <test-method status="PASS" signature="crticalPathFlowUsingNewAddress(java.lang.String)[pri:0, instance:testcase.WholeSale@3a82f6ef]" name="crticalPathFlowUsingNewAddress" duration-ms="618468" started-at="2019-07-12T18:37:24Z" finished-at="2019-07-12T18:47:42Z">
          <params>
            <param index="0">
              <value>
                <![CDATA[1]]>
              </value>
            </param>
          </params>
          <reporter-output>
            <line>
              <![CDATA[Loading Homepage]]>
            </line>
            <line>
              <![CDATA[Searched forrings]]>
            </line>
            <line>
              <![CDATA[Waiting for C3 to load]]>
            </line>
            <line>
              <![CDATA[Total Products found 84]]>
            </line>
            <line>
              <![CDATA[Clicked on product ID346439]]>
            </line>
            <line>
              <![CDATA[Added product with 346439to cart]]>
            </line>
            <line>
              <![CDATA[Searched forbracelets]]>
            </line>
            <line>
              <![CDATA[Waiting for C3 to load]]>
            </line>
            <line>
              <![CDATA[Total Products found 84]]>
            </line>
            <line>
              <![CDATA[Clicked on product ID219186]]>
            </line>
            <line>
              <![CDATA[Added product with 219186to cart]]>
            </line>
            <line>
              <![CDATA[Searched forbracelets]]>
            </line>
            <line>
              <![CDATA[Waiting for C3 to load]]>
            </line>
            <line>
              <![CDATA[Total Products found 84]]>
            </line>
            <line>
              <![CDATA[Clicked on product ID198637]]>
            </line>
            <line>
              <![CDATA[Added product with 198637to cart]]>
            </line>
            <line>
              <![CDATA[Searched forbracelets]]>
            </line>
            <line>
              <![CDATA[Waiting for C3 to load]]>
            </line>
            <line>
              <![CDATA[Total Products found 84]]>
            </line>
            <line>
              <![CDATA[Clicked on product ID187304]]>
            </line>
            <line>
              <![CDATA[Added product with 187304to cart]]>
            </line>
            <line>
              <![CDATA[Searched forbracelets]]>
            </line>
            <line>
              <![CDATA[Waiting for C3 to load]]>
            </line>
            <line>
              <![CDATA[Total Products found 84]]>
            </line>
            <line>
              <![CDATA[Clicked on product ID225933]]>
            </line>
            <line>
              <![CDATA[Added product with 225933to cart]]>
            </line>
            <line>
              <![CDATA[Searched forbracelets]]>
            </line>
            <line>
              <![CDATA[Waiting for C3 to load]]>
            </line>
            <line>
              <![CDATA[Total Products found 84]]>
            </line>
            <line>
              <![CDATA[Clicked on product ID192555]]>
            </line>
            <line>
              <![CDATA[Added product with 192555to cart]]>
            </line>
            <line>
              <![CDATA[Searched forbracelets]]>
            </line>
            <line>
              <![CDATA[Waiting for C3 to load]]>
            </line>
            <line>
              <![CDATA[Total Products found 84]]>
            </line>
            <line>
              <![CDATA[Clicked on product ID208430]]>
            </line>
            <line>
              <![CDATA[Added product with 208430to cart]]>
            </line>
            <line>
              <![CDATA[Searched forbracelets]]>
            </line>
            <line>
              <![CDATA[Waiting for C3 to load]]>
            </line>
            <line>
              <![CDATA[Total Products found 84]]>
            </line>
            <line>
              <![CDATA[Clicked on product ID198635]]>
            </line>
            <line>
              <![CDATA[Added product with 198635to cart]]>
            </line>
            <line>
              <![CDATA[Searched forbracelets]]>
            </line>
            <line>
              <![CDATA[Waiting for C3 to load]]>
            </line>
            <line>
              <![CDATA[Total Products found 84]]>
            </line>
            <line>
              <![CDATA[Clicked on product ID208456]]>
            </line>
            <line>
              <![CDATA[Added product with 208456to cart]]>
            </line>
            <line>
              <![CDATA[Searched forbracelets]]>
            </line>
            <line>
              <![CDATA[Waiting for C3 to load]]>
            </line>
            <line>
              <![CDATA[Total Products found 84]]>
            </line>
            <line>
              <![CDATA[Clicked on product ID208453]]>
            </line>
            <line>
              <![CDATA[Added product with 208453to cart]]>
            </line>
            <line>
              <![CDATA[Searched forbracelets]]>
            </line>
            <line>
              <![CDATA[Waiting for C3 to load]]>
            </line>
            <line>
              <![CDATA[Total Products found 84]]>
            </line>
            <line>
              <![CDATA[Clicked on product ID198635]]>
            </line>
            <line>
              <![CDATA[Added product with 198635to cart]]>
            </line>
            <line>
              <![CDATA[Searched forbracelets]]>
            </line>
            <line>
              <![CDATA[Waiting for C3 to load]]>
            </line>
            <line>
              <![CDATA[Total Products found 84]]>
            </line>
            <line>
              <![CDATA[Clicked on product ID211142]]>
            </line>
            <line>
              <![CDATA[Added product with 211142to cart]]>
            </line>
            <line>
              <![CDATA[Searched forbracelets]]>
            </line>
            <line>
              <![CDATA[Waiting for C3 to load]]>
            </line>
            <line>
              <![CDATA[Total Products found 84]]>
            </line>
            <line>
              <![CDATA[Clicked on product ID332400]]>
            </line>
            <line>
              <![CDATA[Added product with 332400to cart]]>
            </line>
            <line>
              <![CDATA[check put the product]]>
            </line>
            <line>
              <![CDATA[Login as a user]]>
            </line>
            <line>
              <![CDATA[Input new shipping address]]>
            </line>
            <line>
              <![CDATA[Redirecting to payment page]]>
            </line>
            <line>
              <![CDATA[Apply promocode]]>
            </line>
            <line>
              <![CDATA[choose donation]]>
            </line>
            <line>
              <![CDATA[Give card details]]>
            </line>
            <line>
              <![CDATA[Redirection to confirmation page]]>
            </line>
          </reporter-output>
        </test-method> <!-- crticalPathFlowUsingNewAddress -->
      </class> <!-- testcase.WholeSale -->
    </test> <!-- Cart-CH -->
  </suite> <!-- novica -->
</testng-results>
