<?xml version="1.0" encoding="UTF-8"?>
<testng-results skipped="0" failed="0" total="1" passed="1">
  <reporter-output>
    <line>
      <![CDATA[Searched forrings]]>
    </line>
    <line>
      <![CDATA[Total Products found 41]]>
    </line>
    <line>
      <![CDATA[Clicked on product ID127954]]>
    </line>
    <line>
      <![CDATA[Added product with 127954to cart]]>
    </line>
  </reporter-output>
  <suite name="Suite" duration-ms="63298" started-at="2020-02-19T12:52:17Z" finished-at="2020-02-19T12:53:20Z">
    <groups>
    </groups>
    <test name="Cart-CH" duration-ms="63298" started-at="2020-02-19T12:52:17Z" finished-at="2020-02-19T12:53:20Z">
      <class name="testcases.CriticalPathFlow">
        <test-method status="PASS" signature="setUp(java.lang.Integer, java.lang.reflect.Method)[pri:0, instance:testcases.CriticalPathFlow@56f4468b]" name="setUp" is-config="true" duration-ms="10124" started-at="2020-02-19T18:22:17Z" finished-at="2020-02-19T18:22:27Z">
          <params>
            <param index="0">
              <value>
                <![CDATA[1]]>
              </value>
            </param>
            <param index="1">
              <value>
                <![CDATA[public void testcases.CriticalPathFlow.typeandsearch(java.lang.String) throws java.lang.Exception]]>
              </value>
            </param>
          </params>
          <reporter-output>
          </reporter-output>
        </test-method> <!-- setUp -->
        <test-method status="PASS" signature="typeandsearch(java.lang.String)[pri:0, instance:testcases.CriticalPathFlow@56f4468b]" name="typeandsearch" duration-ms="53159" started-at="2020-02-19T18:22:27Z" finished-at="2020-02-19T18:23:20Z">
          <params>
            <param index="0">
              <value>
                <![CDATA[1]]>
              </value>
            </param>
          </params>
          <reporter-output>
            <line>
              <![CDATA[Searched forrings]]>
            </line>
            <line>
              <![CDATA[Total Products found 41]]>
            </line>
            <line>
              <![CDATA[Clicked on product ID127954]]>
            </line>
            <line>
              <![CDATA[Added product with 127954to cart]]>
            </line>
          </reporter-output>
        </test-method> <!-- typeandsearch -->
      </class> <!-- testcases.CriticalPathFlow -->
    </test> <!-- Cart-CH -->
  </suite> <!-- Suite -->
</testng-results>
