<?xml version="1.0" encoding="UTF-8"?>
<!-- Generated by org.testng.reporters.JUnitXMLReporter -->
<testsuite hostname="DESKTOP-NBJ195T" name="Cart-CH" tests="11" failures="0" timestamp="1 Jul 2019 12:18:35 GMT" time="927.023" errors="0">
  <testcase name="typeandsearch" time="143.208" classname="testcases.CrticalPathFlow"/>
  <testcase name="IGcreateCardPrintedCard" time="87.324" classname="testcases.InspiredGifts"/>
  <testcase name="removeAddress" time="59.012" classname="testcases.CrticalPathFlow"/>
  <testcase name="IGcreatePrintedAtHomeCard" time="67.475" classname="testcases.InspiredGifts"/>
  <testcase name="IGcreateEGreetingCard" time="84.916" classname="testcases.InspiredGifts"/>
  <testcase name="IGcreateCardNoCard" time="42.578" classname="testcases.InspiredGifts"/>
  <testcase name="RemoveIGGift" time="69.289" classname="testcases.InspiredGifts"/>
  <testcase name="checkOutIGGift" time="144.094" classname="testcases.InspiredGifts"/>
  <testcase name="LoginUnicefUS" time="71.69" classname="testcases.SignInSignUp"/>
  <testcase name="forgetPassword" time="64.77" classname="testcases.SignInSignUp"/>
  <testcase name="signup" time="44.991" classname="testcases.SignInSignUp"/>
</testsuite> <!-- Cart-CH -->
