<?xml version="1.0" encoding="UTF-8"?>
<!-- Generated by org.testng.reporters.JUnitXMLReporter -->
<testsuite hostname="DESKTOP-NBJ195T" name="Cart-CH" tests="3" failures="0" timestamp="8 Jul 2019 08:58:14 GMT" time="365.768" errors="0">
  <testcase name="wishlistProduct" time="51.532" classname="testcases.Wishlist"/>
  <testcase name="WishlisttocartCheckOut" time="133.424" classname="testcases.Wishlist"/>
  <testcase name="WishlisttocartUsingGuest" time="167.322" classname="testcases.Wishlist"/>
</testsuite> <!-- Cart-CH -->
