<?xml version="1.0" encoding="UTF-8"?>
<!-- Generated by org.testng.reporters.JUnitXMLReporter -->
<testsuite hostname="DESKTOP-NBJ195T" name="Cart-CH" tests="3" failures="0" timestamp="11 Jul 2019 12:00:43 GMT" time="388.775" errors="0">
  <testcase name="wishlistProduct" time="45.888" classname="testcases.Wishlist"/>
  <testcase name="WishlisttocartCheckOut" time="158.694" classname="testcases.Wishlist"/>
  <testcase name="WishlisttocartUsingGuest" time="170.366" classname="testcases.Wishlist"/>
</testsuite> <!-- Cart-CH -->
