<?xml version="1.0" encoding="UTF-8"?>
<!-- Generated by org.testng.reporters.JUnitXMLReporter -->
<testsuite hostname="DESKTOP-NBJ195T" name="Cart-CH" tests="14" failures="0" timestamp="2 Aug 2019 07:51:38 GMT" time="1074.813" errors="0">
  <testcase name="LoginUnicefUS" time="36.146" classname="testcases.SignInSignUp"/>
  <testcase name="forgetPassword" time="34.32" classname="testcases.SignInSignUp"/>
  <testcase name="signup" time="40.087" classname="testcases.SignInSignUp"/>
  <testcase name="typeandsearch" time="119.173" classname="testcases.CrticalPathFlow"/>
  <testcase name="wishlistProduct" time="44.392" classname="testcases.Wishlist"/>
  <testcase name="WishlisttocartUsingGuest" time="129.228" classname="testcases.Wishlist"/>
  <testcase name="WishlisttocartCheckOut" time="131.661" classname="testcases.Wishlist"/>
  <testcase name="IGcreateCardPrintedCard" time="77.755" classname="testcases.InspiredGifts"/>
  <testcase name="IGcreatePrintedAtHomeCard" time="53.709" classname="testcases.InspiredGifts"/>
  <testcase name="IGcreateEGreetingCard" time="63.777" classname="testcases.InspiredGifts"/>
  <testcase name="IGcreateCardNoCard" time="40.506" classname="testcases.InspiredGifts"/>
  <testcase name="RemoveIGGift" time="67.183" classname="testcases.InspiredGifts"/>
  <testcase name="checkOutIGGift" time="128.01" classname="testcases.InspiredGifts"/>
  <testcase name="removeAddress" time="49.344" classname="testcases.InspiredGifts"/>
</testsuite> <!-- Cart-CH -->
