<?xml version="1.0" encoding="UTF-8"?>
<testng-results skipped="0" failed="0" total="1" passed="1">
  <reporter-output>
    <line>
      <![CDATA[Searched forrings]]>
    </line>
    <line>
      <![CDATA[Total Products found 84]]>
    </line>
    <line>
      <![CDATA[Clicked on product IDK23161]]>
    </line>
    <line>
      <![CDATA[Added product with K23161to cart]]>
    </line>
  </reporter-output>
  <suite name="Suite" duration-ms="132421" started-at="2019-07-11T06:28:14Z" finished-at="2019-07-11T06:30:26Z">
    <groups>
    </groups>
    <test name="Cart-CH" duration-ms="132421" started-at="2019-07-11T06:28:14Z" finished-at="2019-07-11T06:30:26Z">
      <class name="testcases.CrticalPathFlow">
        <test-method status="PASS" signature="setUp(java.lang.Integer, java.lang.reflect.Method)[pri:0, instance:testcases.CrticalPathFlow@2ef5e5e3]" name="setUp" is-config="true" duration-ms="4103" started-at="2019-07-11T11:58:14Z" finished-at="2019-07-11T11:58:18Z">
          <params>
            <param index="0">
              <value>
                <![CDATA[1]]>
              </value>
            </param>
            <param index="1">
              <value>
                <![CDATA[public void testcases.CrticalPathFlow.typeandsearch(java.lang.String) throws java.lang.Exception]]>
              </value>
            </param>
          </params>
          <reporter-output>
          </reporter-output>
        </test-method> <!-- setUp -->
        <test-method status="PASS" signature="typeandsearch(java.lang.String)[pri:0, instance:testcases.CrticalPathFlow@2ef5e5e3]" name="typeandsearch" duration-ms="128302" started-at="2019-07-11T11:58:18Z" finished-at="2019-07-11T12:00:26Z">
          <params>
            <param index="0">
              <value>
                <![CDATA[1]]>
              </value>
            </param>
          </params>
          <reporter-output>
            <line>
              <![CDATA[Searched forrings]]>
            </line>
            <line>
              <![CDATA[Total Products found 84]]>
            </line>
            <line>
              <![CDATA[Clicked on product IDK23161]]>
            </line>
            <line>
              <![CDATA[Added product with K23161to cart]]>
            </line>
          </reporter-output>
        </test-method> <!-- typeandsearch -->
      </class> <!-- testcases.CrticalPathFlow -->
    </test> <!-- Cart-CH -->
  </suite> <!-- Suite -->
</testng-results>
