<?xml version="1.0" encoding="UTF-8"?>
<testng-results skipped="0" failed="0" total="1" passed="1">
  <reporter-output>
  </reporter-output>
  <suite name="Suite" duration-ms="19253" started-at="2019-07-09T05:28:39Z" finished-at="2019-07-09T05:28:59Z">
    <groups>
    </groups>
    <test name="Cart-CH" duration-ms="19253" started-at="2019-07-09T05:28:39Z" finished-at="2019-07-09T05:28:59Z">
      <class name="testcases.CrticalPathFlow">
        <test-method status="PASS" signature="setUp(java.lang.Integer, java.lang.reflect.Method)[pri:0, instance:testcases.CrticalPathFlow@51efea79]" name="setUp" is-config="true" duration-ms="4222" started-at="2019-07-09T10:58:39Z" finished-at="2019-07-09T10:58:44Z">
          <params>
            <param index="0">
              <value>
                <![CDATA[1]]>
              </value>
            </param>
            <param index="1">
              <value>
                <![CDATA[public void testcases.CrticalPathFlow.typeandsearch(java.lang.String) throws java.lang.Exception]]>
              </value>
            </param>
          </params>
          <reporter-output>
          </reporter-output>
        </test-method> <!-- setUp -->
        <test-method status="PASS" signature="typeandsearch(java.lang.String)[pri:0, instance:testcases.CrticalPathFlow@51efea79]" name="typeandsearch" duration-ms="14324" started-at="2019-07-09T10:58:44Z" finished-at="2019-07-09T10:58:58Z">
          <params>
            <param index="0">
              <value>
                <![CDATA[1]]>
              </value>
            </param>
          </params>
          <reporter-output>
          </reporter-output>
        </test-method> <!-- typeandsearch -->
        <test-method status="PASS" signature="tearDown(org.testng.ITestResult)[pri:0, instance:testcases.CrticalPathFlow@51efea79]" name="tearDown" is-config="true" duration-ms="687" started-at="2019-07-09T10:58:58Z" finished-at="2019-07-09T10:58:59Z">
          <params>
            <param index="0">
              <value>
                <![CDATA[[TestResult name=typeandsearch status=SUCCESS method=CrticalPathFlow.typeandsearch(java.lang.String)[pri:0, instance:testcases.CrticalPathFlow@51efea79] output={null}]]]>
              </value>
            </param>
          </params>
          <reporter-output>
          </reporter-output>
        </test-method> <!-- tearDown -->
        <test-method status="PASS" signature="endTest()[pri:0, instance:testcases.CrticalPathFlow@51efea79]" name="endTest" is-config="true" duration-ms="0" started-at="2019-07-09T10:58:59Z" finished-at="2019-07-09T10:58:59Z">
          <reporter-output>
          </reporter-output>
        </test-method> <!-- endTest -->
      </class> <!-- testcases.CrticalPathFlow -->
    </test> <!-- Cart-CH -->
  </suite> <!-- Suite -->
</testng-results>
