<?xml version="1.0" encoding="UTF-8"?>
<!-- Generated by org.testng.reporters.JUnitXMLReporter -->
<testsuite hostname="DESKTOP-NBJ195T" name="Cart-CH" tests="23" failures="1" timestamp="9 Jul 2019 09:18:43 GMT" time="1575.713" errors="0">
  <testcase name="searchProduct" time="27.833" classname="testcase.Homepage"/>
  <testcase name="headerMenu" time="79.966" classname="testcase.Homepage"/>
  <testcase name="LoginUnicefUS" time="30.243" classname="testcase.SignUpLogin"/>
  <testcase name="forgetPassword" time="28.822" classname="testcase.SignUpLogin"/>
  <testcase name="userSignup" time="79.312" classname="testcase.SignUpLogin"/>
  <testcase name="typeandsearch" time="36.666" classname="testcase.CriticalPathFlow">
    <failure type="org.openqa.selenium.NoSuchElementException" message="no such element: Unable to locate element: {&amp;quot;method&amp;quot;:&amp;quot;xpath&amp;quot;,&amp;quot;selector&amp;quot;:&amp;quot;//div[@id=&amp;apos;itempricing&amp;apos;]/p/span[2]&amp;quot;}
  (Session info: chrome=75.0.3770.100)
  (Driver info: chromedriver=2.46.628402 (536cd7adbad73a3783fdc2cab92ab2ba7ec361e1),platform=Windows NT 10.0.17134 x86_64) (WARNING: The server did not provide any stacktrace information)
Command duration or timeout: 0 milliseconds
For documentation on this error, please visit: https://www.seleniumhq.org/exceptions/no_such_element.html
Build info: version: &amp;apos;3.141.59&amp;apos;, revision: &amp;apos;e82be7d358&amp;apos;, time: &amp;apos;2018-11-14T08:17:03&amp;apos;
System info: host: &amp;apos;DESKTOP-NBJ195T&amp;apos;, ip: &amp;apos;192.168.1.82&amp;apos;, os.name: &amp;apos;Windows 10&amp;apos;, os.arch: &amp;apos;amd64&amp;apos;, os.version: &amp;apos;10.0&amp;apos;, java.version: &amp;apos;1.8.0_201&amp;apos;
Driver info: org.openqa.selenium.chrome.ChromeDriver
Capabilities {acceptInsecureCerts: false, acceptSslCerts: false, applicationCacheEnabled: false, browserConnectionEnabled: false, browserName: chrome, chrome: {chromedriverVersion: 2.46.628402 (536cd7adbad73a..., userDataDir: C:\Users\Gigi\AppData\Local...}, cssSelectorsEnabled: true, databaseEnabled: false, goog:chromeOptions: {debuggerAddress: localhost:52537}, handlesAlerts: true, hasTouchScreen: false, javascriptEnabled: true, locationContextEnabled: true, mobileEmulationEnabled: false, nativeEvents: true, networkConnectionEnabled: false, pageLoadStrategy: normal, platform: XP, platformName: XP, proxy: Proxy(), rotatable: false, setWindowRect: true, strictFileInteractability: false, takesHeapSnapshot: true, takesScreenshot: true, timeouts: {implicit: 0, pageLoad: 300000, script: 30000}, unexpectedAlertBehaviour: ignore, unhandledPromptBehavior: ignore, version: 75.0.3770.100, webStorageEnabled: true}
Session ID: ffd7a74232ccab153a41fc0f3ea8b86f
*** Element info: {Using=xpath, value=//div[@id=&amp;apos;itempricing&amp;apos;]/p/span[2]}">
      <![CDATA[org.openqa.selenium.NoSuchElementException: no such element: Unable to locate element: {"method":"xpath","selector":"//div[@id='itempricing']/p/span[2]"}
  (Session info: chrome=75.0.3770.100)
  (Driver info: chromedriver=2.46.628402 (536cd7adbad73a3783fdc2cab92ab2ba7ec361e1),platform=Windows NT 10.0.17134 x86_64) (WARNING: The server did not provide any stacktrace information)
Command duration or timeout: 0 milliseconds
For documentation on this error, please visit: https://www.seleniumhq.org/exceptions/no_such_element.html
Build info: version: '3.141.59', revision: 'e82be7d358', time: '2018-11-14T08:17:03'
System info: host: 'DESKTOP-NBJ195T', ip: '192.168.1.82', os.name: 'Windows 10', os.arch: 'amd64', os.version: '10.0', java.version: '1.8.0_201'
Driver info: org.openqa.selenium.chrome.ChromeDriver
Capabilities {acceptInsecureCerts: false, acceptSslCerts: false, applicationCacheEnabled: false, browserConnectionEnabled: false, browserName: chrome, chrome: {chromedriverVersion: 2.46.628402 (536cd7adbad73a..., userDataDir: C:\Users\Gigi\AppData\Local...}, cssSelectorsEnabled: true, databaseEnabled: false, goog:chromeOptions: {debuggerAddress: localhost:52537}, handlesAlerts: true, hasTouchScreen: false, javascriptEnabled: true, locationContextEnabled: true, mobileEmulationEnabled: false, nativeEvents: true, networkConnectionEnabled: false, pageLoadStrategy: normal, platform: XP, platformName: XP, proxy: Proxy(), rotatable: false, setWindowRect: true, strictFileInteractability: false, takesHeapSnapshot: true, takesScreenshot: true, timeouts: {implicit: 0, pageLoad: 300000, script: 30000}, unexpectedAlertBehaviour: ignore, unhandledPromptBehavior: ignore, version: 75.0.3770.100, webStorageEnabled: true}
Session ID: ffd7a74232ccab153a41fc0f3ea8b86f
*** Element info: {Using=xpath, value=//div[@id='itempricing']/p/span[2]}
	at org.openqa.selenium.remote.ErrorHandler.createThrowable(ErrorHandler.java:214)
	at org.openqa.selenium.remote.ErrorHandler.throwIfResponseFailed(ErrorHandler.java:166)
	at org.openqa.selenium.remote.http.JsonHttpResponseCodec.reconstructValue(JsonHttpResponseCodec.java:40)
	at org.openqa.selenium.remote.http.AbstractHttpResponseCodec.decode(AbstractHttpResponseCodec.java:80)
	at org.openqa.selenium.remote.http.AbstractHttpResponseCodec.decode(AbstractHttpResponseCodec.java:44)
	at org.openqa.selenium.remote.HttpCommandExecutor.execute(HttpCommandExecutor.java:158)
	at org.openqa.selenium.remote.service.DriverCommandExecutor.execute(DriverCommandExecutor.java:83)
	at org.openqa.selenium.remote.RemoteWebDriver.execute(RemoteWebDriver.java:552)
	at org.openqa.selenium.remote.RemoteWebDriver.findElement(RemoteWebDriver.java:323)
	at org.openqa.selenium.remote.RemoteWebDriver.findElementByXPath(RemoteWebDriver.java:428)
	at org.openqa.selenium.By$ByXPath.findElement(By.java:353)
	at org.openqa.selenium.remote.RemoteWebDriver.findElement(RemoteWebDriver.java:315)
	at com.unicef.base.BasePageObject.getText(BasePageObject.java:62)
	at com.unicef.pages.ItemDetailPage.getProductPrice(ItemDetailPage.java:42)
	at testcase.CriticalPathFlow.typeandsearch(CriticalPathFlow.java:62)
... Removed 28 stack frames]]>
    </failure>
  </testcase> <!-- typeandsearch -->
  <testcase name="wishlistProduct" time="31.708" classname="testcase.Wishlist"/>
  <testcase name="WishlisttocartUsingGuest" time="112.021" classname="testcase.Wishlist"/>
  <testcase name="WishlisttocartDiffShipAddress" time="114.813" classname="testcase.Wishlist"/>
  <testcase name="WishlisttocartUsingExpress" time="121.41" classname="testcase.Wishlist"/>
  <testcase name="removeWishlist" time="46.864" classname="testcase.Wishlist"/>
  <testcase name="viewProductWishlist" time="36.547" classname="testcase.Wishlist"/>
  <testcase name="shareWishlist" time="35.476" classname="testcase.Wishlist"/>
  <testcase name="fbShareWishlist" time="33.899" classname="testcase.Wishlist"/>
  <testcase name="twitterShareWishlist" time="44.027" classname="testcase.Wishlist"/>
  <testcase name="createWishlist" time="67.496" classname="testcase.Wishlist"/>
  <testcase name="removeAddressFromAddressBook" time="58.258" classname="testcase.Wishlist"/>
  <testcase name="IGcreateCardPrintedCard" time="70.608" classname="testcase.InspiredGifts"/>
  <testcase name="IGcreateCardPrintAtHomeCard" time="72.495" classname="testcase.InspiredGifts"/>
  <testcase name="IGcreateCardEGreeting" time="83.573" classname="testcase.InspiredGifts"/>
  <testcase name="IGcreateCardNoCard" time="55.631" classname="testcase.InspiredGifts"/>
  <testcase name="guestCheckOutIGgift" time="104.971" classname="testcase.InspiredGifts"/>
  <testcase name="expressCheckOutIGgift" time="107.858" classname="testcase.InspiredGifts"/>
</testsuite> <!-- Cart-CH -->
